<?xml version="1.0" encoding="UTF-8"?>
<testsuite name="com.restful.booker.cucumber.CucumberRunner" time="1.4" tests="27" errors="0" skipped="0" failures="0">
  <properties>
[...]
</properties>
  <testcase name="When I send POST request to create a new booking with firstName&quot;Abc&quot;, lastName&quot;Xyz&quot;, totalprice &quot;550&quot;, depositpaid &quot;yes&quot;, checkin &quot;2023-02-18&quot;, checkout&quot;2023-06-05&quot; additionalneeds &quot;Breakfast&quot;" classname="| Abc | Xyz | 550 | yes | 2023-02-18 | 2023-06-05 | Breakfast |" time="0.003"/>
  <testcase name="Then I verify that new booking is created by id" classname="| Abc | Xyz | 550 | yes | 2023-02-18 | 2023-06-05 | Breakfast |" time="0"/>
  <testcase name="And I send a Put request with  firstName&quot;Abc&quot;, lastName&quot;Xyz&quot;, totalprice &quot;550&quot;, depositpaid &quot;yes&quot;, checkin &quot;2023-02-18&quot;, checkout&quot;2023-06-05&quot; additionalneeds &quot;Breakfast&quot;" classname="| Abc | Xyz | 550 | yes | 2023-02-18 | 2023-06-05 | Breakfast |" time="0"/>
  <testcase name="And The totalprice &quot;550&quot; is successfully updated" classname="| Abc | Xyz | 550 | yes | 2023-02-18 | 2023-06-05 | Breakfast |" time="0"/>
  <testcase name="And I send delete booking by id" classname="| Abc | Xyz | 550 | yes | 2023-02-18 | 2023-06-05 | Breakfast |" time="0"/>
  <testcase name="Then The booking is successfully deleted from the record" classname="| Abc | Xyz | 550 | yes | 2023-02-18 | 2023-06-05 | Breakfast |" time="0"/>
  <testcase name="| Abc | Xyz | 550 | yes | 2023-02-18 | 2023-06-05 | Breakfast |" classname="| Abc | Xyz | 550 | yes | 2023-02-18 | 2023-06-05 | Breakfast |" time="0.012"/>
  <testcase name="When I send POST request to create a new booking with firstName&quot;Mno&quot;, lastName&quot;Pqr&quot;, totalprice &quot;700&quot;, depositpaid &quot;No&quot;, checkin &quot;2023-05-05&quot;, checkout&quot;2023-12-20&quot; additionalneeds &quot;Dinner&quot;" classname="| Mno | Pqr | 700 | No | 2023-05-05 | 2023-12-20 | Dinner |" time="0"/>
  <testcase name="Then I verify that new booking is created by id" classname="| Mno | Pqr | 700 | No | 2023-05-05 | 2023-12-20 | Dinner |" time="0"/>
  <testcase name="And I send a Put request with  firstName&quot;Mno&quot;, lastName&quot;Pqr&quot;, totalprice &quot;700&quot;, depositpaid &quot;No&quot;, checkin &quot;2023-05-05&quot;, checkout&quot;2023-12-20&quot; additionalneeds &quot;Dinner&quot;" classname="| Mno | Pqr | 700 | No | 2023-05-05 | 2023-12-20 | Dinner |" time="0"/>
  <testcase name="And The totalprice &quot;700&quot; is successfully updated" classname="| Mno | Pqr | 700 | No | 2023-05-05 | 2023-12-20 | Dinner |" time="0"/>
  <testcase name="And I send delete booking by id" classname="| Mno | Pqr | 700 | No | 2023-05-05 | 2023-12-20 | Dinner |" time="0"/>
  <testcase name="Then The booking is successfully deleted from the record" classname="| Mno | Pqr | 700 | No | 2023-05-05 | 2023-12-20 | Dinner |" time="0"/>
  <testcase name="| Mno | Pqr | 700 | No | 2023-05-05 | 2023-12-20 | Dinner |" classname="| Mno | Pqr | 700 | No | 2023-05-05 | 2023-12-20 | Dinner |" time="1.118"/>
  <testcase name="When I send a GET request to booking endpoint" classname="Scenario: Check if user can access all booking Ids" time="0"/>
  <testcase name="Then I must get back a valid response code 200" classname="Scenario: Check if user can access all booking Ids" time="0"/>
  <testcase name="Scenario: Check if user can access all booking Ids" classname="Scenario: Check if user can access all booking Ids" time="0"/>
  <testcase name="When I send a POST request to create a new booking with firstName&quot;Abc&quot;, lastName&quot;Xyz&quot;, totalprice &quot;150&quot;, depositpaid &quot;yes&quot;, checkin &quot;2023-01-15&quot;, checkout&quot;2023-11-05&quot; additionalneeds &quot;Dinner&quot;" classname="| Abc | Xyz | 150 | yes | 2023-01-15 | 2023-11-05 | Dinner |" time="0"/>
  <testcase name="Then I must get back a valid response code 201" classname="| Abc | Xyz | 150 | yes | 2023-01-15 | 2023-11-05 | Dinner |" time="0"/>
  <testcase name="And I verify that new booking is created by &lt;&quot;id&quot;&gt;" classname="| Abc | Xyz | 150 | yes | 2023-01-15 | 2023-11-05 | Dinner |" time="0"/>
  <testcase name="| Abc | Xyz | 150 | yes | 2023-01-15 | 2023-11-05 | Dinner |" classname="| Abc | Xyz | 150 | yes | 2023-01-15 | 2023-11-05 | Dinner |" time="0.082"/>
  <testcase name="When I send Put request with  firstName&quot;&lt;firstName&gt;&quot;, lastName&quot;&lt;lastName&gt;&quot;, totalprice &quot;&lt;totalprice&gt;&quot;, depositpaid &quot;&lt;depositpaid&gt;&quot;, checkin &quot;&lt;checkin&gt;&quot;, checkout&quot;&lt;checkout&gt;&quot; additionalneeds &quot;&lt;additionalneeds&gt;&quot;" classname="Scenario: Check if user can update an booking" time="0"/>
  <testcase name="Then I must get back a valid response code 200" classname="Scenario: Check if user can update an booking" time="0"/>
  <testcase name="Scenario: Check if user can update an booking" classname="Scenario: Check if user can update an booking" time="0.108"/>
  <testcase name="When I send delete requested id" classname="Scenario: Check if user can delete an booking" time="0"/>
  <testcase name="Then I should see the response code 201" classname="Scenario: Check if user can delete an booking" time="0"/>
  <testcase name="Scenario: Check if user can delete an booking" classname="Scenario: Check if user can delete an booking" time="0.077"/>
</testsuite>