<?xml version="1.0" encoding="UTF-8"?><testsuite errors="0" failures="0" name="com.restful.booker.datadriventests.RestfulBookerWithTags" skipped="0" tests="3" time="2.65" timestamp="2023-01-11T20:03:03.958Z[Europe/London]"><testcase classname="com.restful.booker.datadriventests.RestfulBookerWithTags" name="Provide a 404 status code when incorrect HTTP method is used to access resource"/><testcase classname="com.restful.booker.datadriventests.RestfulBookerWithTags" name="This test will verify if a status code of 200 is returned for GET request"/><testcase classname="com.restful.booker.datadriventests.RestfulBookerWithTags" name="This test will provide an error code 403 when user doesn't provide authentication"/></testsuite>